{
  "stats": {
    "suites": 1,
    "tests": 4,
    "passes": 4,
    "pending": 0,
    "failures": 0,
    "start": "2025-09-12T13:44:01.362Z",
    "end": "2025-09-12T13:44:01.440Z",
    "duration": 78,
    "testsRegistered": 4,
    "passPercent": 100,
    "pendingPercent": 0,
    "other": 0,
    "hasOther": false,
    "skipped": 0,
    "hasSkipped": false
  },
  "results": [
    {
      "uuid": "b5a91f86-bbcd-47ca-b430-1db4f7446970",
      "title": "",
      "fullFile": "C:\\Users\\erine\\Documents\\Pos-Graduação\\Trabalho-Final-Modulo7\\test\\rest\\external\\cadPessoaExternal.test.js",
      "file": "\\test\\rest\\external\\cadPessoaExternal.test.js",
      "beforeHooks": [],
      "afterHooks": [],
      "tests": [],
      "suites": [
        {
          "uuid": "dbfcd741-bec2-48b0-9d36-4c02c09bbdab",
          "title": "Cad Pessoa - External",
          "fullFile": "C:\\Users\\erine\\Documents\\Pos-Graduação\\Trabalho-Final-Modulo7\\test\\rest\\external\\cadPessoaExternal.test.js",
          "file": "\\test\\rest\\external\\cadPessoaExternal.test.js",
          "beforeHooks": [
            {
              "title": "\"before all\" hook in \"Cad Pessoa - External\"",
              "fullTitle": "Cad Pessoa - External \"before all\" hook in \"Cad Pessoa - External\"",
              "timedOut": false,
              "duration": 56,
              "state": null,
              "speed": null,
              "pass": false,
              "fail": false,
              "pending": false,
              "context": null,
              "code": "const usuario = require('../fixture/requisicoes/login/postLogin.json');\nawait request(process.env.BASE_URL_REST).post('/users').send(usuario);\nconst respostaLogin = await request(process.env.BASE_URL_REST)\n  .post('/login')\n  .send(usuario);\ntoken = respostaLogin.body.token || respostaLogin.body.token;",
              "err": {},
              "uuid": "3a55fbd6-fa6b-48d3-a106-a7a37b7c67b0",
              "parentUUID": "dbfcd741-bec2-48b0-9d36-4c02c09bbdab",
              "isHook": true,
              "skipped": false
            }
          ],
          "afterHooks": [],
          "tests": [
            {
              "title": "external: deve validar nome/CPF inválidos retornando 400",
              "fullTitle": "Cad Pessoa - External external: deve validar nome/CPF inválidos retornando 400",
              "timedOut": false,
              "duration": 5,
              "state": "passed",
              "speed": "fast",
              "pass": true,
              "fail": false,
              "pending": false,
              "context": null,
              "code": "const pessoaInvalida = { ...postCadPessoa, nome: 'string', cpf: 'string' };\nconst resposta = await request(process.env.BASE_URL_REST)\n  .post('/pessoas')\n  .set('Authorization', `Bearer ${token}`)\n  .send(pessoaInvalida);\nexpect(resposta.status).to.equal(400);\nexpect(resposta.body.mensagemUsuario).to.equal(\n  mensagens.MSG_VALIDACAO_CPF_NOME,\n);",
              "err": {},
              "uuid": "edcc2eed-f78f-4e10-92d5-9f156391b7ad",
              "parentUUID": "dbfcd741-bec2-48b0-9d36-4c02c09bbdab",
              "isHook": false,
              "skipped": false
            },
            {
              "title": "external: deve cadastrar pessoa com sucesso retornando 201",
              "fullTitle": "Cad Pessoa - External external: deve cadastrar pessoa com sucesso retornando 201",
              "timedOut": false,
              "duration": 3,
              "state": "passed",
              "speed": "fast",
              "pass": true,
              "fail": false,
              "pending": false,
              "context": null,
              "code": "const cpfUnico = String(\n  Math.floor(10000000000 + Math.random() * 89999999999),\n);\nconst pessoaNova = { ...postCadPessoa, cpf: cpfUnico };\nconst resposta = await request(process.env.BASE_URL_REST)\n  .post('/pessoas')\n  .set('Authorization', `Bearer ${token}`)\n  .send(pessoaNova);\nexpect(resposta.status).to.equal(201);\nexpect(resposta.body.message).to.equal(mensagens.MSG_SUCESSO);\nexpect(resposta.body.pessoa.cpf).to.equal(cpfUnico);",
              "err": {},
              "uuid": "a46c7138-b2ba-4668-8fa2-e6a95bcff24b",
              "parentUUID": "dbfcd741-bec2-48b0-9d36-4c02c09bbdab",
              "isHook": false,
              "skipped": false
            },
            {
              "title": "external: deve validar CPF já cadastrado retornando 400",
              "fullTitle": "Cad Pessoa - External external: deve validar CPF já cadastrado retornando 400",
              "timedOut": false,
              "duration": 6,
              "state": "passed",
              "speed": "fast",
              "pass": true,
              "fail": false,
              "pending": false,
              "context": null,
              "code": "await request(process.env.BASE_URL_REST)\n  .post('/pessoas')\n  .set('Authorization', `Bearer ${token}`)\n  .send(postCadPessoa);\nconst resposta = await request(process.env.BASE_URL_REST)\n  .post('/pessoas')\n  .set('Authorization', `Bearer ${token}`)\n  .send(postCadPessoa);\nexpect(resposta.status).to.equal(400);\nexpect(resposta.body.mensagemUsuario).to.equal(mensagens.MSG_CPF_DUPLICADO);",
              "err": {},
              "uuid": "cc81c4db-d4df-4039-946b-ecdc9c01cd30",
              "parentUUID": "dbfcd741-bec2-48b0-9d36-4c02c09bbdab",
              "isHook": false,
              "skipped": false
            },
            {
              "title": "external: deve validar a não autenticação retornando 401",
              "fullTitle": "Cad Pessoa - External external: deve validar a não autenticação retornando 401",
              "timedOut": false,
              "duration": 3,
              "state": "passed",
              "speed": "fast",
              "pass": true,
              "fail": false,
              "pending": false,
              "context": null,
              "code": "const resposta = await request(process.env.BASE_URL_REST)\n  .post('/pessoas')\n  .send(postCadPessoa);\nexpect(resposta.status).to.equal(401);\nexpect(resposta.body.mensagemUsuario).to.equal(\n  mensagens.MSG_USUARIO_NAO_AUTENTICADO,\n);",
              "err": {},
              "uuid": "3e2be5ef-1db2-4412-b86d-72c7bb6dfb09",
              "parentUUID": "dbfcd741-bec2-48b0-9d36-4c02c09bbdab",
              "isHook": false,
              "skipped": false
            }
          ],
          "suites": [],
          "passes": [
            "edcc2eed-f78f-4e10-92d5-9f156391b7ad",
            "a46c7138-b2ba-4668-8fa2-e6a95bcff24b",
            "cc81c4db-d4df-4039-946b-ecdc9c01cd30",
            "3e2be5ef-1db2-4412-b86d-72c7bb6dfb09"
          ],
          "failures": [],
          "pending": [],
          "skipped": [],
          "duration": 17,
          "root": false,
          "rootEmpty": false,
          "_timeout": 10000
        }
      ],
      "passes": [],
      "failures": [],
      "pending": [],
      "skipped": [],
      "duration": 0,
      "root": true,
      "rootEmpty": true,
      "_timeout": 10000
    }
  ],
  "meta": {
    "mocha": {
      "version": "11.7.2"
    },
    "mochawesome": {
      "options": {
        "quiet": false,
        "reportFilename": "mochawesome",
        "saveHtml": true,
        "saveJson": true,
        "consoleReporter": "spec",
        "useInlineDiffs": false,
        "code": true
      },
      "version": "7.1.3"
    },
    "marge": {
      "options": null,
      "version": "6.2.0"
    }
  }
}