{
  "stats": {
    "suites": 2,
    "tests": 8,
    "passes": 8,
    "pending": 0,
    "failures": 0,
    "start": "2025-09-11T21:02:21.250Z",
    "end": "2025-09-11T21:02:21.470Z",
    "duration": 220,
    "testsRegistered": 8,
    "passPercent": 100,
    "pendingPercent": 0,
    "other": 0,
    "hasOther": false,
    "skipped": 0,
    "hasSkipped": false
  },
  "results": [
    {
      "uuid": "a3aff8cf-b9f2-423f-af5a-3be81a6948ff",
      "title": "",
      "fullFile": "",
      "file": "",
      "beforeHooks": [],
      "afterHooks": [],
      "tests": [],
      "suites": [
        {
          "uuid": "cbe2314e-0f11-4818-a40d-abcf7c480400",
          "title": "Cad Pessoa - Controller",
          "fullFile": "C:\\Users\\erine\\Documents\\Pos-Graduação\\Trabalho-Final-Modulo7\\test\\rest\\controller\\cadPessoaController.test.js",
          "file": "\\test\\rest\\controller\\cadPessoaController.test.js",
          "beforeHooks": [
            {
              "title": "\"before all\" hook in \"Cad Pessoa - Controller\"",
              "fullTitle": "Cad Pessoa - Controller \"before all\" hook in \"Cad Pessoa - Controller\"",
              "timedOut": false,
              "duration": 112,
              "state": null,
              "speed": null,
              "pass": false,
              "fail": false,
              "pending": false,
              "context": null,
              "code": "await request(app).post('/users').send(usuario);\nconst res = await request(app).post('/login').send(usuario);\ntoken = res.body.token || res.body.token;",
              "err": {},
              "uuid": "6fbfc586-67fc-43f8-968a-c6557c525556",
              "parentUUID": "cbe2314e-0f11-4818-a40d-abcf7c480400",
              "isHook": true,
              "skipped": false
            }
          ],
          "afterHooks": [],
          "tests": [
            {
              "title": "deve validar nome/CPF inválidos retornando 400",
              "fullTitle": "Cad Pessoa - Controller deve validar nome/CPF inválidos retornando 400",
              "timedOut": false,
              "duration": 9,
              "state": "passed",
              "speed": "fast",
              "pass": true,
              "fail": false,
              "pending": false,
              "context": null,
              "code": "const pessoaServiceMock = sinon.stub(pessoaService, 'validatePessoa');\npessoaServiceMock.throws(mensagens.MSG_VALIDACAO_CPF_NOME);\nconst pessoaInvalida = { ...postCadPessoa, nome: 'string', cpf: 'string' };\nconst res = await request(app)\n  .post('/pessoas')\n  .set('Authorization', `Bearer ${token}`)\n  .send(pessoaInvalida);\nexpect(res.status).to.equal(400);\nexpect(res.body.mensagemUsuario).to.equal(mensagens.MSG_VALIDACAO_CPF_NOME);\nsinon.restore();",
              "err": {},
              "uuid": "181f20fa-75c3-4d76-8409-acb2fd20d4e2",
              "parentUUID": "cbe2314e-0f11-4818-a40d-abcf7c480400",
              "isHook": false,
              "skipped": false
            },
            {
              "title": "deve cadastrar pessoa com sucesso retornando 201",
              "fullTitle": "Cad Pessoa - Controller deve cadastrar pessoa com sucesso retornando 201",
              "timedOut": false,
              "duration": 6,
              "state": "passed",
              "speed": "fast",
              "pass": true,
              "fail": false,
              "pending": false,
              "context": null,
              "code": "const pessoaServiceMock = sinon.stub(pessoaService, 'registerPessoa');\npessoaServiceMock.returns({ valid: true, pessoa: postCadPessoa });\nconst res = await request(app)\n  .post('/pessoas')\n  .set('Authorization', `Bearer ${token}`)\n  .send(postCadPessoa);\nexpect(res.status).to.equal(201);\nexpect(res.body.message).to.equal(mensagens.MSG_SUCESSO);\nexpect(res.body.pessoa.cpf).to.equal(postCadPessoa.cpf);\nsinon.restore();",
              "err": {},
              "uuid": "4d6f3a6a-819f-4a15-ad1e-b8085d7122d3",
              "parentUUID": "cbe2314e-0f11-4818-a40d-abcf7c480400",
              "isHook": false,
              "skipped": false
            },
            {
              "title": "deve validar CPF já cadastrado retornando 400",
              "fullTitle": "Cad Pessoa - Controller deve validar CPF já cadastrado retornando 400",
              "timedOut": false,
              "duration": 7,
              "state": "passed",
              "speed": "fast",
              "pass": true,
              "fail": false,
              "pending": false,
              "context": null,
              "code": "const pessoaServiceMock = sinon.stub(pessoaService, 'registerPessoa');\npessoaServiceMock.returns({\n  valid: false,\n  message: mensagens.MSG_CPF_DUPLICADO,\n});\nconst res = await request(app)\n  .post('/pessoas')\n  .set('Authorization', `Bearer ${token}`)\n  .send(postCadPessoa);\nexpect(res.status).to.equal(400);\nexpect(res.body.mensagemUsuario).to.equal(mensagens.MSG_CPF_DUPLICADO);\nsinon.restore();",
              "err": {},
              "uuid": "8b99410b-efa5-4edb-be73-a5930582efa1",
              "parentUUID": "cbe2314e-0f11-4818-a40d-abcf7c480400",
              "isHook": false,
              "skipped": false
            },
            {
              "title": "deve validar a não autenticação retornando 401",
              "fullTitle": "Cad Pessoa - Controller deve validar a não autenticação retornando 401",
              "timedOut": false,
              "duration": 4,
              "state": "passed",
              "speed": "fast",
              "pass": true,
              "fail": false,
              "pending": false,
              "context": null,
              "code": "const res = await request(app).post('/pessoas').send(postCadPessoa);\nexpect(res.status).to.equal(401);\nexpect(res.body.mensagemUsuario).to.equal(\n  mensagens.MSG_USUARIO_NAO_AUTENTICADO,\n);",
              "err": {},
              "uuid": "5642cc19-85b9-4c03-97f0-0264bfab76fb",
              "parentUUID": "cbe2314e-0f11-4818-a40d-abcf7c480400",
              "isHook": false,
              "skipped": false
            }
          ],
          "suites": [],
          "passes": [
            "181f20fa-75c3-4d76-8409-acb2fd20d4e2",
            "4d6f3a6a-819f-4a15-ad1e-b8085d7122d3",
            "8b99410b-efa5-4edb-be73-a5930582efa1",
            "5642cc19-85b9-4c03-97f0-0264bfab76fb"
          ],
          "failures": [],
          "pending": [],
          "skipped": [],
          "duration": 26,
          "root": false,
          "rootEmpty": false,
          "_timeout": 10000
        },
        {
          "uuid": "1c898ce6-7091-411c-80e2-538031a4b8db",
          "title": "Cad Pessoa - External",
          "fullFile": "C:\\Users\\erine\\Documents\\Pos-Graduação\\Trabalho-Final-Modulo7\\test\\rest\\external\\cadPessoaExternal.test.js",
          "file": "\\test\\rest\\external\\cadPessoaExternal.test.js",
          "beforeHooks": [
            {
              "title": "\"before all\" hook in \"Cad Pessoa - External\"",
              "fullTitle": "Cad Pessoa - External \"before all\" hook in \"Cad Pessoa - External\"",
              "timedOut": false,
              "duration": 47,
              "state": null,
              "speed": null,
              "pass": false,
              "fail": false,
              "pending": false,
              "context": null,
              "code": "const usuario = require('../fixture/requisicoes/login/postLogin.json');\nawait request(process.env.BASE_URL_REST).post('/users').send(usuario);\nconst respostaLogin = await request(process.env.BASE_URL_REST)\n  .post('/login')\n  .send(usuario);\ntoken = respostaLogin.body.token || respostaLogin.body.token;",
              "err": {},
              "uuid": "04291367-accf-4e42-9166-02f75dd13ff5",
              "parentUUID": "1c898ce6-7091-411c-80e2-538031a4b8db",
              "isHook": true,
              "skipped": false
            }
          ],
          "afterHooks": [],
          "tests": [
            {
              "title": "external: deve validar nome/CPF inválidos retornando 400",
              "fullTitle": "Cad Pessoa - External external: deve validar nome/CPF inválidos retornando 400",
              "timedOut": false,
              "duration": 7,
              "state": "passed",
              "speed": "fast",
              "pass": true,
              "fail": false,
              "pending": false,
              "context": null,
              "code": "const pessoaInvalida = { ...postCadPessoa, nome: 'string', cpf: 'string' };\nconst resposta = await request(process.env.BASE_URL_REST)\n  .post('/pessoas')\n  .set('Authorization', `Bearer ${token}`)\n  .send(pessoaInvalida);\nexpect(resposta.status).to.equal(400);\nexpect(resposta.body.mensagemUsuario).to.equal(\n  mensagens.MSG_VALIDACAO_CPF_NOME,\n);",
              "err": {},
              "uuid": "29574132-58fc-4e37-851e-23da686c1cde",
              "parentUUID": "1c898ce6-7091-411c-80e2-538031a4b8db",
              "isHook": false,
              "skipped": false
            },
            {
              "title": "external: deve cadastrar pessoa com sucesso retornando 201",
              "fullTitle": "Cad Pessoa - External external: deve cadastrar pessoa com sucesso retornando 201",
              "timedOut": false,
              "duration": 5,
              "state": "passed",
              "speed": "fast",
              "pass": true,
              "fail": false,
              "pending": false,
              "context": null,
              "code": "const cpfUnico = String(\n  Math.floor(10000000000 + Math.random() * 89999999999),\n);\nconst pessoaNova = { ...postCadPessoa, cpf: cpfUnico };\nconst resposta = await request(process.env.BASE_URL_REST)\n  .post('/pessoas')\n  .set('Authorization', `Bearer ${token}`)\n  .send(pessoaNova);\nexpect(resposta.status).to.equal(201);\nexpect(resposta.body.message).to.equal(mensagens.MSG_SUCESSO);\nexpect(resposta.body.pessoa.cpf).to.equal(cpfUnico);",
              "err": {},
              "uuid": "266e2189-53bc-4c5f-8f7d-253c895f10ad",
              "parentUUID": "1c898ce6-7091-411c-80e2-538031a4b8db",
              "isHook": false,
              "skipped": false
            },
            {
              "title": "external: deve validar CPF já cadastrado retornando 400",
              "fullTitle": "Cad Pessoa - External external: deve validar CPF já cadastrado retornando 400",
              "timedOut": false,
              "duration": 6,
              "state": "passed",
              "speed": "fast",
              "pass": true,
              "fail": false,
              "pending": false,
              "context": null,
              "code": "const resposta = await request(process.env.BASE_URL_REST)\n  .post('/pessoas')\n  .set('Authorization', `Bearer ${token}`)\n  .send(postCadPessoa);\nexpect(resposta.status).to.equal(400);\nexpect(resposta.body.mensagemUsuario).to.equal(mensagens.MSG_CPF_DUPLICADO);",
              "err": {},
              "uuid": "efbde0ff-3185-4574-8283-53a74d12558e",
              "parentUUID": "1c898ce6-7091-411c-80e2-538031a4b8db",
              "isHook": false,
              "skipped": false
            },
            {
              "title": "external: deve validar a não autenticação retornando 401",
              "fullTitle": "Cad Pessoa - External external: deve validar a não autenticação retornando 401",
              "timedOut": false,
              "duration": 4,
              "state": "passed",
              "speed": "fast",
              "pass": true,
              "fail": false,
              "pending": false,
              "context": null,
              "code": "const resposta = await request(process.env.BASE_URL_REST)\n  .post('/pessoas')\n  .send(postCadPessoa);\nexpect(resposta.status).to.equal(401);\nexpect(resposta.body.mensagemUsuario).to.equal(\n  mensagens.MSG_USUARIO_NAO_AUTENTICADO,\n);",
              "err": {},
              "uuid": "5a69b36d-8a49-41e3-b3d0-451d133f7710",
              "parentUUID": "1c898ce6-7091-411c-80e2-538031a4b8db",
              "isHook": false,
              "skipped": false
            }
          ],
          "suites": [],
          "passes": [
            "29574132-58fc-4e37-851e-23da686c1cde",
            "266e2189-53bc-4c5f-8f7d-253c895f10ad",
            "efbde0ff-3185-4574-8283-53a74d12558e",
            "5a69b36d-8a49-41e3-b3d0-451d133f7710"
          ],
          "failures": [],
          "pending": [],
          "skipped": [],
          "duration": 22,
          "root": false,
          "rootEmpty": false,
          "_timeout": 10000
        }
      ],
      "passes": [],
      "failures": [],
      "pending": [],
      "skipped": [],
      "duration": 0,
      "root": true,
      "rootEmpty": true,
      "_timeout": 10000
    }
  ],
  "meta": {
    "mocha": {
      "version": "11.7.2"
    },
    "mochawesome": {
      "options": {
        "quiet": false,
        "reportFilename": "mochawesome",
        "saveHtml": true,
        "saveJson": true,
        "consoleReporter": "spec",
        "useInlineDiffs": false,
        "code": true
      },
      "version": "7.1.3"
    },
    "marge": {
      "options": null,
      "version": "6.2.0"
    }
  }
}